2019-01-23 17:07:02 -- << "Watching ../test using wd 1" >>
2019-01-23 17:07:02 -- << "Watching ../test/a using wd 2" >>
2019-01-23 17:07:02 -- << "Watching ../test/a/b using wd 3" >>
2019-01-23 17:07:02 -- << "Watching ../test/a/b/c using wd 4" >>
2019-01-23 17:07:02 -- << "Watching ../test/sub using wd 5" >>
2019-01-23 17:07:02 -- << "Watching ../test/sub/sub1 using wd 6" >>
2019-01-23 17:07:02 -- << "Watching ../test/sub/sub1/sub3 using wd 7" >>
2019-01-23 17:07:02 -- << "Watching ../test/sub/sub1/sub2 using wd 8" >>
2019-01-23 17:07:02 -- << "Watching ../test/sub1 using wd 9" >>
2019-01-23 17:07:02 -- << "Read 1456 bytes from inotify fd" >>
2019-01-23 17:07:02 -- wd = 1; mask = IN_ACCESS IN_ISDIR; 
2019-01-23 17:07:02 -- wd = 1; mask = IN_ISDIR IN_OPEN; name = a;
2019-01-23 17:07:02 -- wd = 1; mask = IN_ACCESS IN_ISDIR; name = a;
2019-01-23 17:07:02 -- wd = 2; mask = IN_ACCESS IN_ISDIR; 
2019-01-23 17:07:02 -- wd = 2; mask = IN_ISDIR IN_OPEN; name = b;
2019-01-23 17:07:02 -- wd = 2; mask = IN_ACCESS IN_ISDIR; name = b;
2019-01-23 17:07:02 -- wd = 3; mask = IN_ACCESS IN_ISDIR; 
2019-01-23 17:07:02 -- wd = 3; mask = IN_ISDIR IN_OPEN; name = c;
2019-01-23 17:07:02 -- wd = 3; mask = IN_ACCESS IN_ISDIR; name = c;
2019-01-23 17:07:02 -- wd = 4; mask = IN_ACCESS IN_ISDIR; 
2019-01-23 17:07:02 -- wd = 3; mask = IN_ACCESS IN_ISDIR; name = c;
2019-01-23 17:07:02 -- wd = 4; mask = IN_ACCESS IN_ISDIR; 
2019-01-23 17:07:02 -- wd = 3; mask = IN_CLOSE_NOWRITE IN_ISDIR; name = c;
2019-01-23 17:07:02 -- wd = 4; mask = IN_CLOSE_NOWRITE IN_ISDIR; 
2019-01-23 17:07:02 -- wd = 2; mask = IN_ACCESS IN_ISDIR; name = b;
2019-01-23 17:07:02 -- wd = 3; mask = IN_ACCESS IN_ISDIR; 
2019-01-23 17:07:02 -- wd = 2; mask = IN_CLOSE_NOWRITE IN_ISDIR; name = b;
2019-01-23 17:07:02 -- wd = 3; mask = IN_CLOSE_NOWRITE IN_ISDIR; 
2019-01-23 17:07:02 -- wd = 1; mask = IN_ACCESS IN_ISDIR; name = a;
2019-01-23 17:07:02 -- wd = 2; mask = IN_ACCESS IN_ISDIR; 
2019-01-23 17:07:02 -- wd = 1; mask = IN_CLOSE_NOWRITE IN_ISDIR; name = a;
2019-01-23 17:07:02 -- wd = 2; mask = IN_CLOSE_NOWRITE IN_ISDIR; 
2019-01-23 17:07:02 -- wd = 1; mask = IN_ISDIR IN_OPEN; name = sub;
2019-01-23 17:07:02 -- wd = 1; mask = IN_ACCESS IN_ISDIR; name = sub;
2019-01-23 17:07:02 -- wd = 5; mask = IN_ACCESS IN_ISDIR; 
2019-01-23 17:07:02 -- wd = 5; mask = IN_ISDIR IN_OPEN; name = sub1;
2019-01-23 17:07:02 -- wd = 5; mask = IN_ACCESS IN_ISDIR; name = sub1;
2019-01-23 17:07:02 -- wd = 6; mask = IN_ACCESS IN_ISDIR; 
2019-01-23 17:07:02 -- wd = 6; mask = IN_ISDIR IN_OPEN; name = sub3;
2019-01-23 17:07:02 -- wd = 6; mask = IN_ACCESS IN_ISDIR; name = sub3;
2019-01-23 17:07:02 -- wd = 7; mask = IN_ACCESS IN_ISDIR; 
2019-01-23 17:07:02 -- wd = 6; mask = IN_ACCESS IN_ISDIR; name = sub3;
2019-01-23 17:07:02 -- wd = 7; mask = IN_ACCESS IN_ISDIR; 
2019-01-23 17:07:02 -- wd = 6; mask = IN_CLOSE_NOWRITE IN_ISDIR; name = sub3;
2019-01-23 17:07:02 -- wd = 7; mask = IN_CLOSE_NOWRITE IN_ISDIR; 
2019-01-23 17:07:02 -- wd = 6; mask = IN_ISDIR IN_OPEN; name = sub2;
2019-01-23 17:07:02 -- wd = 6; mask = IN_ACCESS IN_ISDIR; name = sub2;
2019-01-23 17:07:02 -- wd = 8; mask = IN_ACCESS IN_ISDIR; 
2019-01-23 17:07:02 -- wd = 6; mask = IN_ACCESS IN_ISDIR; name = sub2;
2019-01-23 17:07:02 -- wd = 8; mask = IN_ACCESS IN_ISDIR; 
2019-01-23 17:07:02 -- wd = 6; mask = IN_CLOSE_NOWRITE IN_ISDIR; name = sub2;
2019-01-23 17:07:02 -- wd = 8; mask = IN_CLOSE_NOWRITE IN_ISDIR; 
2019-01-23 17:07:02 -- wd = 5; mask = IN_ACCESS IN_ISDIR; name = sub1;
2019-01-23 17:07:02 -- wd = 6; mask = IN_ACCESS IN_ISDIR; 
2019-01-23 17:07:02 -- wd = 5; mask = IN_CLOSE_NOWRITE IN_ISDIR; name = sub1;
2019-01-23 17:07:02 -- wd = 6; mask = IN_CLOSE_NOWRITE IN_ISDIR; 
2019-01-23 17:07:02 -- wd = 1; mask = IN_ACCESS IN_ISDIR; name = sub;
2019-01-23 17:07:02 -- wd = 5; mask = IN_ACCESS IN_ISDIR; 
2019-01-23 17:07:02 -- wd = 1; mask = IN_CLOSE_NOWRITE IN_ISDIR; name = sub;
2019-01-23 17:07:02 -- wd = 5; mask = IN_CLOSE_NOWRITE IN_ISDIR; 
2019-01-23 17:07:02 -- wd = 1; mask = IN_ISDIR IN_OPEN; name = sub1;
2019-01-23 17:07:02 -- wd = 1; mask = IN_ACCESS IN_ISDIR; name = sub1;
2019-01-23 17:07:02 -- wd = 9; mask = IN_ACCESS IN_ISDIR; 
2019-01-23 17:07:02 -- wd = 1; mask = IN_ACCESS IN_ISDIR; name = sub1;
2019-01-23 17:07:02 -- wd = 9; mask = IN_ACCESS IN_ISDIR; 
2019-01-23 17:07:02 -- wd = 1; mask = IN_CLOSE_NOWRITE IN_ISDIR; name = sub1;
2019-01-23 17:07:02 -- wd = 9; mask = IN_CLOSE_NOWRITE IN_ISDIR; 
2019-01-23 17:07:02 -- wd = 1; mask = IN_ACCESS IN_ISDIR; 
2019-01-23 17:07:02 -- wd = 1; mask = IN_CLOSE_NOWRITE IN_ISDIR; 
2019-01-23 17:21:15 -- << "Read 48 bytes from inotify fd" >>
2019-01-23 17:21:15 -- wd = 1; mask = IN_ISDIR IN_OPEN; 
2019-01-23 17:21:15 -- wd = 1; mask = IN_ACCESS IN_ISDIR; 
2019-01-23 17:21:15 -- wd = 1; mask = IN_CLOSE_NOWRITE IN_ISDIR; 
2019-01-23 17:21:15 -- << "Read 288 bytes from inotify fd" >>
2019-01-23 17:21:15 -- wd = 1; mask = IN_ISDIR IN_OPEN; name = a;
2019-01-23 17:21:15 -- wd = 2; mask = IN_ISDIR IN_OPEN; 
2019-01-23 17:21:15 -- wd = 1; mask = IN_ACCESS IN_ISDIR; name = a;
2019-01-23 17:21:15 -- wd = 2; mask = IN_ACCESS IN_ISDIR; 
2019-01-23 17:21:15 -- wd = 1; mask = IN_CLOSE_NOWRITE IN_ISDIR; name = a;
2019-01-23 17:21:15 -- wd = 2; mask = IN_CLOSE_NOWRITE IN_ISDIR; 
2019-01-23 17:21:15 -- wd = 1; mask = IN_ISDIR IN_OPEN; name = a;
2019-01-23 17:21:15 -- wd = 2; mask = IN_ISDIR IN_OPEN; 
2019-01-23 17:21:15 -- wd = 1; mask = IN_ACCESS IN_ISDIR; name = a;
2019-01-23 17:21:15 -- wd = 2; mask = IN_ACCESS IN_ISDIR; 
2019-01-23 17:21:15 -- wd = 1; mask = IN_ACCESS IN_ISDIR; name = a;
2019-01-23 17:21:15 -- wd = 2; mask = IN_ACCESS IN_ISDIR; 
2019-01-23 17:21:15 -- << "Read 512 bytes from inotify fd" >>
2019-01-23 17:21:15 -- wd = 2; mask = IN_ISDIR IN_OPEN; name = b;
2019-01-23 17:21:15 -- wd = 3; mask = IN_ISDIR IN_OPEN; 
2019-01-23 17:21:15 -- wd = 2; mask = IN_ACCESS IN_ISDIR; name = b;
2019-01-23 17:21:15 -- wd = 3; mask = IN_ACCESS IN_ISDIR; 
2019-01-23 17:21:15 -- wd = 2; mask = IN_CLOSE_NOWRITE IN_ISDIR; name = b;
2019-01-23 17:21:15 -- wd = 3; mask = IN_CLOSE_NOWRITE IN_ISDIR; 
2019-01-23 17:21:15 -- wd = 2; mask = IN_ISDIR IN_OPEN; name = b;
2019-01-23 17:21:15 -- wd = 3; mask = IN_ISDIR IN_OPEN; 
2019-01-23 17:21:15 -- wd = 2; mask = IN_ACCESS IN_ISDIR; name = b;
2019-01-23 17:21:15 -- wd = 3; mask = IN_ACCESS IN_ISDIR; 
2019-01-23 17:21:15 -- wd = 2; mask = IN_ACCESS IN_ISDIR; name = b;
2019-01-23 17:21:15 -- wd = 3; mask = IN_ACCESS IN_ISDIR; 
2019-01-23 17:21:15 -- wd = 3; mask = IN_ISDIR IN_OPEN; name = c;
2019-01-23 17:21:15 -- wd = 4; mask = IN_ISDIR IN_OPEN; 
2019-01-23 17:21:15 -- wd = 3; mask = IN_ACCESS IN_ISDIR; name = c;
2019-01-23 17:21:15 -- wd = 4; mask = IN_ACCESS IN_ISDIR; 
2019-01-23 17:21:15 -- wd = 3; mask = IN_ACCESS IN_ISDIR; name = c;
2019-01-23 17:21:15 -- wd = 4; mask = IN_ACCESS IN_ISDIR; 
2019-01-23 17:21:15 -- wd = 3; mask = IN_CLOSE_NOWRITE IN_ISDIR; name = c;
2019-01-23 17:21:15 -- wd = 4; mask = IN_CLOSE_NOWRITE IN_ISDIR; 
2019-01-23 17:21:15 -- << "Stopped Watching ../test/a/b/c using wd 4" >>
2019-01-23 17:21:15 -- wd = 4; mask = IN_DELETE_SELF; 
2019-01-23 17:21:15 -- wd = 4; mask = IN_IGNORED; 
2019-01-23 17:21:15 -- << "Read 448 bytes from inotify fd" >>
2019-01-23 17:21:15 -- wd = 3; mask = IN_DELETE IN_ISDIR; name = c;
2019-01-23 17:21:15 -- wd = 2; mask = IN_CLOSE_NOWRITE IN_ISDIR; name = b;
2019-01-23 17:21:15 -- wd = 3; mask = IN_CLOSE_NOWRITE IN_ISDIR; 
2019-01-23 17:21:15 -- << "Stopped Watching ../test/a/b using wd 3" >>
2019-01-23 17:21:15 -- wd = 3; mask = IN_DELETE_SELF; 
2019-01-23 17:21:15 -- wd = 3; mask = IN_IGNORED; 
2019-01-23 17:21:15 -- wd = 2; mask = IN_DELETE IN_ISDIR; name = b;
2019-01-23 17:21:15 -- wd = 1; mask = IN_CLOSE_NOWRITE IN_ISDIR; name = a;
2019-01-23 17:21:15 -- wd = 2; mask = IN_CLOSE_NOWRITE IN_ISDIR; 
2019-01-23 17:21:15 -- << "Stopped Watching ../test/a using wd 2" >>
2019-01-23 17:21:15 -- wd = 2; mask = IN_DELETE_SELF; 
2019-01-23 17:21:15 -- wd = 2; mask = IN_IGNORED; 
2019-01-23 17:21:15 -- wd = 1; mask = IN_DELETE IN_ISDIR; name = a;
2019-01-23 17:21:15 -- wd = 1; mask = IN_ISDIR IN_OPEN; name = sub;
2019-01-23 17:21:15 -- wd = 5; mask = IN_ISDIR IN_OPEN; 
2019-01-23 17:21:15 -- wd = 1; mask = IN_ACCESS IN_ISDIR; name = sub;
2019-01-23 17:21:15 -- wd = 5; mask = IN_ACCESS IN_ISDIR; 
2019-01-23 17:21:15 -- wd = 1; mask = IN_CLOSE_NOWRITE IN_ISDIR; name = sub;
2019-01-23 17:21:15 -- wd = 5; mask = IN_CLOSE_NOWRITE IN_ISDIR; 
2019-01-23 17:21:15 -- wd = 1; mask = IN_ISDIR IN_OPEN; name = sub;
2019-01-23 17:21:15 -- wd = 5; mask = IN_ISDIR IN_OPEN; 
2019-01-23 17:21:15 -- << "Read 864 bytes from inotify fd" >>
2019-01-23 17:21:15 -- wd = 1; mask = IN_ACCESS IN_ISDIR; name = sub;
2019-01-23 17:21:15 -- wd = 5; mask = IN_ACCESS IN_ISDIR; 
2019-01-23 17:21:15 -- wd = 1; mask = IN_ACCESS IN_ISDIR; name = sub;
2019-01-23 17:21:15 -- wd = 5; mask = IN_ACCESS IN_ISDIR; 
2019-01-23 17:21:15 -- wd = 5; mask = IN_ISDIR IN_OPEN; name = sub1;
2019-01-23 17:21:15 -- wd = 6; mask = IN_ISDIR IN_OPEN; 
2019-01-23 17:21:15 -- wd = 5; mask = IN_ACCESS IN_ISDIR; name = sub1;
2019-01-23 17:21:15 -- wd = 6; mask = IN_ACCESS IN_ISDIR; 
2019-01-23 17:21:15 -- wd = 5; mask = IN_CLOSE_NOWRITE IN_ISDIR; name = sub1;
2019-01-23 17:21:15 -- wd = 6; mask = IN_CLOSE_NOWRITE IN_ISDIR; 
2019-01-23 17:21:15 -- wd = 5; mask = IN_ISDIR IN_OPEN; name = sub1;
2019-01-23 17:21:15 -- wd = 6; mask = IN_ISDIR IN_OPEN; 
2019-01-23 17:21:15 -- wd = 5; mask = IN_ACCESS IN_ISDIR; name = sub1;
2019-01-23 17:21:15 -- wd = 6; mask = IN_ACCESS IN_ISDIR; 
2019-01-23 17:21:15 -- wd = 5; mask = IN_ACCESS IN_ISDIR; name = sub1;
2019-01-23 17:21:15 -- wd = 6; mask = IN_ACCESS IN_ISDIR; 
2019-01-23 17:21:15 -- wd = 6; mask = IN_ISDIR IN_OPEN; name = sub3;
2019-01-23 17:21:15 -- wd = 7; mask = IN_ISDIR IN_OPEN; 
2019-01-23 17:21:15 -- wd = 6; mask = IN_ACCESS IN_ISDIR; name = sub3;
2019-01-23 17:21:15 -- wd = 7; mask = IN_ACCESS IN_ISDIR; 
2019-01-23 17:21:15 -- wd = 6; mask = IN_ACCESS IN_ISDIR; name = sub3;
2019-01-23 17:21:15 -- wd = 7; mask = IN_ACCESS IN_ISDIR; 
2019-01-23 17:21:15 -- wd = 6; mask = IN_CLOSE_NOWRITE IN_ISDIR; name = sub3;
2019-01-23 17:21:15 -- wd = 7; mask = IN_CLOSE_NOWRITE IN_ISDIR; 
2019-01-23 17:21:15 -- << "Stopped Watching ../test/sub/sub1/sub3 using wd 7" >>
2019-01-23 17:21:15 -- wd = 7; mask = IN_DELETE_SELF; 
2019-01-23 17:21:15 -- wd = 7; mask = IN_IGNORED; 
2019-01-23 17:21:15 -- wd = 6; mask = IN_DELETE IN_ISDIR; name = sub3;
2019-01-23 17:21:15 -- wd = 6; mask = IN_ISDIR IN_OPEN; name = sub2;
2019-01-23 17:21:15 -- wd = 8; mask = IN_ISDIR IN_OPEN; 
2019-01-23 17:21:15 -- wd = 6; mask = IN_ACCESS IN_ISDIR; name = sub2;
2019-01-23 17:21:15 -- wd = 8; mask = IN_ACCESS IN_ISDIR; 
2019-01-23 17:21:15 -- wd = 6; mask = IN_ACCESS IN_ISDIR; name = sub2;
2019-01-23 17:21:15 -- wd = 8; mask = IN_ACCESS IN_ISDIR; 
2019-01-23 17:21:15 -- wd = 6; mask = IN_CLOSE_NOWRITE IN_ISDIR; name = sub2;
2019-01-23 17:21:15 -- wd = 8; mask = IN_CLOSE_NOWRITE IN_ISDIR; 
2019-01-23 17:21:15 -- << "Stopped Watching ../test/sub/sub1/sub2 using wd 8" >>
2019-01-23 17:21:15 -- wd = 8; mask = IN_DELETE_SELF; 
2019-01-23 17:21:15 -- wd = 8; mask = IN_IGNORED; 
2019-01-23 17:21:15 -- << "Read 512 bytes from inotify fd" >>
2019-01-23 17:21:15 -- wd = 6; mask = IN_DELETE IN_ISDIR; name = sub2;
2019-01-23 17:21:15 -- wd = 5; mask = IN_CLOSE_NOWRITE IN_ISDIR; name = sub1;
2019-01-23 17:21:15 -- wd = 6; mask = IN_CLOSE_NOWRITE IN_ISDIR; 
2019-01-23 17:21:15 -- << "Stopped Watching ../test/sub/sub1 using wd 6" >>
2019-01-23 17:21:15 -- wd = 6; mask = IN_DELETE_SELF; 
2019-01-23 17:21:15 -- wd = 6; mask = IN_IGNORED; 
2019-01-23 17:21:15 -- wd = 5; mask = IN_DELETE IN_ISDIR; name = sub1;
2019-01-23 17:21:15 -- wd = 1; mask = IN_CLOSE_NOWRITE IN_ISDIR; name = sub;
2019-01-23 17:21:15 -- wd = 5; mask = IN_CLOSE_NOWRITE IN_ISDIR; 
2019-01-23 17:21:15 -- << "Stopped Watching ../test/sub using wd 5" >>
2019-01-23 17:21:15 -- wd = 5; mask = IN_DELETE_SELF; 
2019-01-23 17:21:15 -- wd = 5; mask = IN_IGNORED; 
2019-01-23 17:21:15 -- wd = 1; mask = IN_DELETE IN_ISDIR; name = sub;
2019-01-23 17:21:15 -- wd = 1; mask = IN_ISDIR IN_OPEN; name = sub1;
2019-01-23 17:21:15 -- wd = 9; mask = IN_ISDIR IN_OPEN; 
2019-01-23 17:21:15 -- wd = 1; mask = IN_ACCESS IN_ISDIR; name = sub1;
2019-01-23 17:21:15 -- wd = 9; mask = IN_ACCESS IN_ISDIR; 
2019-01-23 17:21:15 -- wd = 1; mask = IN_ACCESS IN_ISDIR; name = sub1;
2019-01-23 17:21:15 -- wd = 9; mask = IN_ACCESS IN_ISDIR; 
2019-01-23 17:21:15 -- wd = 1; mask = IN_CLOSE_NOWRITE IN_ISDIR; name = sub1;
2019-01-23 17:21:15 -- wd = 9; mask = IN_CLOSE_NOWRITE IN_ISDIR; 
2019-01-23 17:21:15 -- << "Stopped Watching ../test/sub1 using wd 9" >>
2019-01-23 17:21:15 -- wd = 9; mask = IN_DELETE_SELF; 
2019-01-23 17:21:15 -- wd = 9; mask = IN_IGNORED; 
2019-01-23 17:21:15 -- wd = 1; mask = IN_DELETE IN_ISDIR; name = sub1;
2019-01-23 17:21:23 -- << "Read 16 bytes from inotify fd" >>
2019-01-23 17:21:23 -- wd = 1; mask = IN_ISDIR IN_OPEN; 
2019-01-23 17:21:23 -- << "Read 16 bytes from inotify fd" >>
2019-01-23 17:21:23 -- wd = 1; mask = IN_ACCESS IN_ISDIR; 
2019-01-23 17:21:23 -- << "Read 16 bytes from inotify fd" >>
2019-01-23 17:21:23 -- wd = 1; mask = IN_ACCESS IN_ISDIR; 
2019-01-23 17:21:23 -- << "Read 16 bytes from inotify fd" >>
2019-01-23 17:21:23 -- wd = 1; mask = IN_CLOSE_NOWRITE IN_ISDIR; 
2019-01-23 18:20:38 -- << "Read 48 bytes from inotify fd" >>
2019-01-23 18:20:38 -- wd = 1; mask = IN_ISDIR IN_OPEN; 
2019-01-23 18:20:38 -- wd = 1; mask = IN_ACCESS IN_ISDIR; 
2019-01-23 18:20:38 -- wd = 1; mask = IN_CLOSE_NOWRITE IN_ISDIR; 
2019-01-23 18:28:22 -- << "Read 32 bytes from inotify fd" >>
2019-01-23 18:28:22 -- wd = 1; mask = IN_ISDIR IN_OPEN; 
2019-01-23 18:28:22 -- wd = 1; mask = IN_CLOSE_NOWRITE IN_ISDIR; 
2019-01-23 18:28:24 -- << "Read 32 bytes from inotify fd" >>
2019-01-23 18:28:24 -- << "Stopped Watching ../test using wd 1" >>
2019-01-23 18:28:24 -- wd = 1; mask = IN_DELETE_SELF; 
2019-01-23 18:28:24 -- wd = 1; mask = IN_IGNORED; 
2019-01-23 18:28:49 -- << "Read -1 bytes from inotify fd" >>
